This is pdfTeX, Version 3.14159265-2.6-1.40.16 (MiKTeX 2.9 64-bit) (preloaded format=pdflatex 2016.1.20)  24 FEB 2016 16:57
entering extended mode
**./cover_letter_02-2016-MSU.tex
(cover_letter_02-2016-MSU.tex
LaTeX2e <2015/10/01> patch level 2
Babel <3.9n> and hyphenation patterns for 69 languages loaded.
("C:\Program Files\MiKTeX 2.9\tex\latex\newlfm\newlfm.cls"
Document Class: newlfm 2009/04/10 v9.4 Letter-Fax-Memo LaTeX Document Class
("C:\Program Files\MiKTeX 2.9\tex\latex\graphics\keyval.sty"
Package: keyval 2014/10/28 v1.15 key=value parser (DPC)
\KV@toks@=\toks14
)
("C:\Program Files\MiKTeX 2.9\tex\latex\base\ifthen.sty"
Package: ifthen 2014/09/29 v1.1c Standard LaTeX ifthen package (DPC)
)
("C:\Program Files\MiKTeX 2.9\tex\generic\oberdiek\ifpdf.sty"
Package: ifpdf 2011/01/30 v2.3 Provides the ifpdf switch (HO)
Package ifpdf Info: pdfTeX in PDF mode is detected.
)
("C:\Program Files\MiKTeX 2.9\tex\latex\newlfm\setdim.sty"
Package: setdim 2009/04/10 v9.4 Address macros
)
("C:\Program Files\MiKTeX 2.9\tex\latex\fancyhdr\fancyhdr.sty"
\fancy@headwidth=\skip41
\f@ncyO@elh=\skip42
\f@ncyO@erh=\skip43
\f@ncyO@olh=\skip44
\f@ncyO@orh=\skip45
\f@ncyO@elf=\skip46
\f@ncyO@erf=\skip47
\f@ncyO@olf=\skip48
\f@ncyO@orf=\skip49
)
("C:\Program Files\MiKTeX 2.9\tex\latex\eso-pic\eso-pic.sty"
Package: eso-pic 2015/07/21 v2.0g eso-pic (RN)

("C:\Program Files\MiKTeX 2.9\tex\generic\oberdiek\atbegshi.sty"
Package: atbegshi 2011/10/05 v1.16 At begin shipout hook (HO)

("C:\Program Files\MiKTeX 2.9\tex\generic\oberdiek\infwarerr.sty"
Package: infwarerr 2010/04/08 v1.3 Providing info/warning/error messages (HO)
)
("C:\Program Files\MiKTeX 2.9\tex\generic\oberdiek\ltxcmds.sty"
Package: ltxcmds 2011/11/09 v1.22 LaTeX kernel commands for general use (HO)
))
("C:\Program Files\MiKTeX 2.9\tex\latex\xcolor\xcolor.sty"
Package: xcolor 2007/01/21 v2.11 LaTeX color extensions (UK)

("C:\Program Files\MiKTeX 2.9\tex\latex\00miktex\color.cfg"
File: color.cfg 2007/01/18 v1.5 color configuration of teTeX/TeXLive
)
Package xcolor Info: Driver file: pdftex.def on input line 225.

("C:\Program Files\MiKTeX 2.9\tex\latex\pdftex-def\pdftex.def"
File: pdftex.def 2011/05/27 v0.06d Graphics/color for pdfTeX
\Gread@gobject=\count79
)
Package xcolor Info: Model `cmy' substituted by `cmy0' on input line 1337.
Package xcolor Info: Model `hsb' substituted by `rgb' on input line 1341.
Package xcolor Info: Model `RGB' extended on input line 1353.
Package xcolor Info: Model `HTML' substituted by `rgb' on input line 1355.
Package xcolor Info: Model `Hsb' substituted by `hsb' on input line 1356.
Package xcolor Info: Model `tHsb' substituted by `hsb' on input line 1357.
Package xcolor Info: Model `HSB' substituted by `hsb' on input line 1358.
Package xcolor Info: Model `Gray' substituted by `gray' on input line 1359.
Package xcolor Info: Model `wave' substituted by `hsb' on input line 1360.
))
("C:\Program Files\MiKTeX 2.9\tex\latex\setspace\setspace.sty"
Package: setspace 2011/12/19 v6.7a set line spacing
)
("C:\Program Files\MiKTeX 2.9\tex\latex\lastpage\lastpage.sty"
Package: lastpage 2015/03/29 v1.2m Refers to last page's name (HMM; JPG)
)
("C:\Program Files\MiKTeX 2.9\tex\latex\tools\calc.sty"
Package: calc 2014/10/28 v4.3 Infix arithmetic (KKT,FJ)
\calc@Acount=\count80
\calc@Bcount=\count81
\calc@Adimen=\dimen102
\calc@Bdimen=\dimen103
\calc@Askip=\skip50
\calc@Bskip=\skip51
LaTeX Info: Redefining \setlength on input line 80.
LaTeX Info: Redefining \addtolength on input line 81.
\calc@Ccount=\count82
\calc@Cskip=\skip52
)
("C:\Program Files\MiKTeX 2.9\tex\latex\graphics\graphicx.sty"
Package: graphicx 2014/10/28 v1.0g Enhanced LaTeX Graphics (DPC,SPQR)

("C:\Program Files\MiKTeX 2.9\tex\latex\graphics\graphics.sty"
Package: graphics 2014/10/28 v1.0p Standard LaTeX Graphics (DPC,SPQR)

("C:\Program Files\MiKTeX 2.9\tex\latex\graphics\trig.sty"
Package: trig 1999/03/16 v1.09 sin cos tan (DPC)
)
("C:\Program Files\MiKTeX 2.9\tex\latex\00miktex\graphics.cfg"
File: graphics.cfg 2007/01/18 v1.5 graphics configuration of teTeX/TeXLive
)
Package graphics Info: Driver file: pdftex.def on input line 94.
)
\Gin@req@height=\dimen104
\Gin@req@width=\dimen105
)
("C:\Program Files\MiKTeX 2.9\tex\latex\rotating\rotating.sty"
Package: rotating 2009/03/28 v2.16a rotated objects in LaTeX
\c@r@tfl@t=\count83
\rotFPtop=\skip53
\rotFPbot=\skip54
\rot@float@box=\box26
\rot@mess@toks=\toks15
)
\@addr@fr@sk@b=\skip55
\@addr@fr@sk@a=\skip56
\@addr@to@sk@b=\skip57
\@addr@to@sk@a=\skip58
\@blka@b=\skip59
\@blka@a=\skip60
\@blkb@b=\skip61
\@blkb@a=\skip62
\@blkc@b=\skip63
\@blkc@a=\skip64
\@caption@skip@above=\skip65
\@caption@skip@below=\skip66
\@cello@h=\skip67
\@cello@w=\skip68
\@cello@d=\skip69
\@cello@l=\skip70
\@dt@sk@b=\skip71
\@dt@sk@a=\skip72
\@Dth@H@L=\skip73
\@Dth@H@C=\skip74
\@Dth@H@R=\skip75
\@Dth@F@L=\skip76
\@Dth@F@C=\skip77
\@Dth@F@R=\skip78
\@Dth@h@l=\skip79
\@Dth@h@c=\skip80
\@Dth@h@r=\skip81
\@Dth@f@l=\skip82
\@Dth@f@c=\skip83
\@Dth@f@r=\skip84
\@greet@to@sk@b=\skip85
\@greet@to@sk@a=\skip86
\@Hgt@Head=\skip87
\@Hrw=\skip88
\@hrw=\skip89
\@extr@hor=\skip90
\@Frw=\skip91
\@frw=\skip92
\@Hgt@Foot=\skip93
\@Hgt@head=\skip94
\@Hgt@foot=\skip95
\@Hgt@H@L=\skip96
\@Hgt@H@C=\skip97
\@Hgt@H@R=\skip98
\@Hgt@F@L=\skip99
\@Hgt@F@C=\skip100
\@Hgt@F@R=\skip101
\@Hgt@h@l=\skip102
\@Hgt@h@c=\skip103
\@Hgt@h@r=\skip104
\@Hgt@f@l=\skip105
\@Hgt@f@c=\skip106
\@Hgt@f@r=\skip107
\@lab@bl=\skip108
\@lab@pl=\skip109
\@lab@pw=\skip110
\@lab@bh=\skip111
\@lab@bw=\skip112
\@lab@th=\skip113
\@lab@lm=\skip114
\@marg@lt=\skip115
\@marg@rt=\skip116
\@marg@tp=\skip117
\@marg@bt=\skip118
\@marg@tp@a=\skip119
\@marg@bt@a=\skip120
\@marg@bt@b=\skip121
\@marg@tp@b=\skip122
\@marg@tp@s=\skip123
\@marg@lt@r=\skip124
\@marg@lt@l=\skip125
\@marg@rt@r=\skip126
\@marg@rt@l=\skip127
\@marg@lt@tp@d=\skip128
\@marg@rt@tp@d=\skip129
\@Min@Hgt@Head=\skip130
\@Min@Hgt@head=\skip131
\@Min@Hgt@Foot=\skip132
\@Min@Hgt@foot=\skip133
\@Min@Hgt@Right=\skip134
\@Min@Hgt@right=\skip135
\@Min@Hgt@Left=\skip136
\@Min@Hgt@left=\skip137
\@Plg=\skip138
\@Pwd=\skip139
\@plg=\skip140
\@pwd=\skip141
\@post@sig@sp@a=\skip142
\@post@sig@sp@b=\skip143
\@pre@memo@sp=\skip144
\@post@memo@sp=\skip145
\@sig@sp=\skip146
\@text@width=\skip147
\@sig@sk@a=\skip148
\@sig@sk@b=\skip149
\@sig@sk@c=\skip150
\@sig@sk@r=\skip151
\@cls@sk@a=\skip152
\@cls@sk@b=\skip153
\@text@height=\skip154
\@unpr@tp=\skip155
\@unpr@bm=\skip156
\@unpr@rt=\skip157
\@unpr@lt=\skip158
\@util=\skip159
\@utila=\skip160
\@utilb=\skip161
\@utilc=\skip162
\@utild=\skip163
\@utile=\skip164
\@utilf=\skip165
\@utilg=\skip166
\@utilh=\skip167
\@utili=\skip168
\@utilj=\skip169
\@utilk=\skip170
\@utill=\skip171
\@xda=\skip172
\@xdb=\skip173
\@xdc=\skip174
\@xdd=\skip175
\@xde=\skip176
\@xdf=\skip177
\@xdg=\skip178
\@xdh=\skip179
\@xdi=\skip180
\@sig@box@a=\box27
\b@addr@fr=\box28
\b@addr@to=\box29
\@x@c=\box30
\@x@l=\box31
\@x@r=\box32
\fba=\box33
\adrfr=\box34
\adrto=\box35
\@sig@box@b=\box36
\@sig@box@c=\box37
\@sig@box@d=\box38
\@sig@box@e=\box39
\@sig@box@f=\box40
\@sig@box@g=\box41
\@sig@box@h=\box42
\@sig@box@i=\box43
\@sig@box@j=\box44
\@rest@ltr=\box45
\@resta@ltr=\box46
\@restb@ltr=\box47
\@restc@ltr=\box48
\@restd@ltr=\box49
\@reste@ltr=\box50
\c@@c@pos=\count84
\c@figure=\count85
\c@table=\count86
\c@@sig@tot=\count87
\c@@lab@tot@row=\count88
\c@@lab@tot@col=\count89
\c@@lab@cnt@row=\count90
\c@@lab@cnt@col=\count91
\@nlfm@addr=\count92
\@nlfm@util=\count93
\@nlfm@uta=\count94
\@nlfm@utb=\count95

All language information must be in newlfm.cls
("C:\Program Files\MiKTeX 2.9\tex\latex\base\letter.cls"
Document Class: letter 2014/09/29 v1.2z Standard LaTeX document class
("C:\Program Files\MiKTeX 2.9\tex\latex\base\size10.clo"
File: size10.clo 2014/09/29 v1.4h Standard LaTeX file (size option)
)
\longindentation=\dimen106
\indentedwidth=\dimen107
\labelcount=\count96
)
("C:\Program Files\MiKTeX 2.9\tex\latex\newlfm\addrset.sty"
Package: addrset 2009/04/10 v9.4 Address macros
)
("C:\Program Files\MiKTeX 2.9\tex\latex\tools\afterpage.sty"
Package: afterpage 2014/10/28 v1.08 After-Page Package (DPC)
\AP@output=\toks16
\AP@partial=\box51
\AP@footins=\box52
)
("C:\Program Files\MiKTeX 2.9\tex\latex\envlab\envlab.sty"
Package: envlab 1997/07/16 v1.2 Envelopes and Labels
Package envlab Info: Envelopes & Labels package: found makelabels...
(envlab)             Seems everything is OK. Good luck. on input line 58.
\@envelopeposition=\count97
\PSEnvelopeTray=\toks17
\EnvelopeWidth=\skip181
\EnvelopeHeight=\skip182
\EnvelopeTopMargin=\skip183
\EnvelopeLeftMargin=\skip184
\LabelWidth=\skip185
\LabelHeight=\skip186
\LabelTopMargin=\skip187
\LabelLeftMargin=\skip188
\LabelRightMargin=\skip189
\c@LabelMaxCol=\count98
\c@LabelMaxRow=\count99
\FromAddressTopMargin=\skip190
\FromAddressLeftMargin=\skip191
\FromAddressHeight=\skip192
\FromAddressWidth=\skip193
\ToAddressTopMargin=\skip194
\ToAddressLeftMargin=\skip195
\ToAddressWidth=\skip196

Loading configuration file envlab.cfg
("C:\Program Files\MiKTeX 2.9\tex\latex\envlab\envlab.cfg"
File: envlab.cfg 1997/07/16 v1.2 Envelopes and Labels
)
\c@LabelCountCol=\count100
\c@LabelCountRow=\count101
\c@LabelOffsetCol=\count102
\c@LabelOffsetRow=\count103
\@numreturnlabels=\count104
\@zipcode=\toks18
\@zipcodesum=\count105
\@barcodewidth=\skip197
\@barcodeLheight=\skip198
\@barcodeSheight=\skip199
\@barcodeskip=\skip256
\@addr@cap=\toks19
)
The default definition for memosec is used. File memosec.tex doesn't exist.
Press release definitions stored in newlfm.cls
faxpage definitions stored in newlfm.cls
letrinfo.tex\ not found. All letter definitions must be in newlfm.cls
LaTeX Info: Redefining \@texttop on input line 1884.
\@rep@th=\dimen108
\@rep@tw=\dimen109
\@rep@om=\dimen110
\@rep@em=\dimen111
\@rep@cs=\dimen112
\@rep@tm=\dimen113
\@rep@hh=\dimen114
\@rep@hs=\dimen115
\@rep@fs=\dimen116
) ("C:\Program Files\MiKTeX 2.9\tex\latex\base\fontenc.sty"
Package: fontenc 2005/09/27 v1.99g Standard LaTeX package

("C:\Program Files\MiKTeX 2.9\tex\latex\base\t1enc.def"
File: t1enc.def 2005/09/27 v1.99g Standard LaTeX file
LaTeX Font Info:    Redeclaring font encoding T1 on input line 48.
))
("C:\Program Files\MiKTeX 2.9\tex\latex\psnfss\mathptmx.sty"
Package: mathptmx 2005/04/12 PSNFSS-v9.2a Times w/ Math, improved (SPQR, WaS) 
LaTeX Font Info:    Redeclaring symbol font `operators' on input line 28.
LaTeX Font Info:    Overwriting symbol font `operators' in version `normal'
(Font)                  OT1/cmr/m/n --> OT1/ztmcm/m/n on input line 28.
LaTeX Font Info:    Overwriting symbol font `operators' in version `bold'
(Font)                  OT1/cmr/bx/n --> OT1/ztmcm/m/n on input line 28.
LaTeX Font Info:    Redeclaring symbol font `letters' on input line 29.
LaTeX Font Info:    Overwriting symbol font `letters' in version `normal'
(Font)                  OML/cmm/m/it --> OML/ztmcm/m/it on input line 29.
LaTeX Font Info:    Overwriting symbol font `letters' in version `bold'
(Font)                  OML/cmm/b/it --> OML/ztmcm/m/it on input line 29.
LaTeX Font Info:    Redeclaring symbol font `symbols' on input line 30.
LaTeX Font Info:    Overwriting symbol font `symbols' in version `normal'
(Font)                  OMS/cmsy/m/n --> OMS/ztmcm/m/n on input line 30.
LaTeX Font Info:    Overwriting symbol font `symbols' in version `bold'
(Font)                  OMS/cmsy/b/n --> OMS/ztmcm/m/n on input line 30.
LaTeX Font Info:    Redeclaring symbol font `largesymbols' on input line 31.
LaTeX Font Info:    Overwriting symbol font `largesymbols' in version `normal'
(Font)                  OMX/cmex/m/n --> OMX/ztmcm/m/n on input line 31.
LaTeX Font Info:    Overwriting symbol font `largesymbols' in version `bold'
(Font)                  OMX/cmex/m/n --> OMX/ztmcm/m/n on input line 31.
\symbold=\mathgroup4
\symitalic=\mathgroup5
LaTeX Font Info:    Redeclaring math alphabet \mathbf on input line 34.
LaTeX Font Info:    Overwriting math alphabet `\mathbf' in version `normal'
(Font)                  OT1/cmr/bx/n --> OT1/ptm/bx/n on input line 34.
LaTeX Font Info:    Overwriting math alphabet `\mathbf' in version `bold'
(Font)                  OT1/cmr/bx/n --> OT1/ptm/bx/n on input line 34.
LaTeX Font Info:    Redeclaring math alphabet \mathit on input line 35.
LaTeX Font Info:    Overwriting math alphabet `\mathit' in version `normal'
(Font)                  OT1/cmr/m/it --> OT1/ptm/m/it on input line 35.
LaTeX Font Info:    Overwriting math alphabet `\mathit' in version `bold'
(Font)                  OT1/cmr/bx/it --> OT1/ptm/m/it on input line 35.
LaTeX Info: Redefining \hbar on input line 50.
)
(cover_letter_02-2016-MSU.aux)
\openout1 = `cover_letter_02-2016-MSU.aux'.

LaTeX Font Info:    Checking defaults for OML/cmm/m/it on input line 39.
LaTeX Font Info:    ... okay on input line 39.
LaTeX Font Info:    Checking defaults for T1/cmr/m/n on input line 39.
LaTeX Font Info:    ... okay on input line 39.
LaTeX Font Info:    Checking defaults for OT1/cmr/m/n on input line 39.
LaTeX Font Info:    ... okay on input line 39.
LaTeX Font Info:    Checking defaults for OMS/cmsy/m/n on input line 39.
LaTeX Font Info:    ... okay on input line 39.
LaTeX Font Info:    Checking defaults for OMX/cmex/m/n on input line 39.
LaTeX Font Info:    ... okay on input line 39.
LaTeX Font Info:    Checking defaults for U/cmr/m/n on input line 39.
LaTeX Font Info:    ... okay on input line 39.
LaTeX Font Info:    Try loading font information for T1+ptm on input line 39.

("C:\Program Files\MiKTeX 2.9\tex\latex\psnfss\t1ptm.fd"
File: t1ptm.fd 2001/06/04 font definitions for T1/ptm.
)
\AtBeginShipoutBox=\box53

("C:\Program Files\MiKTeX 2.9\tex\context\base\supp-pdf.mkii"
[Loading MPS to PDF converter (version 2006.09.02).]
\scratchcounter=\count106
\scratchdimen=\dimen117
\scratchbox=\box54
\nofMPsegments=\count107
\nofMParguments=\count108
\everyMPshowfont=\toks20
\MPscratchCnt=\count109
\MPscratchDim=\dimen118
\MPnumerator=\count110
\makeMPintoPDFobject=\count111
\everyMPtoPDFconversion=\toks21
)
Package lastpage Info: Please have a look at the pageslts package at
(lastpage)             https://www.ctan.org/pkg/pageslts
(lastpage)             ! on input line 39.
\big@size=\dimen119
LaTeX Font Info:    Font shape `T1/ptm/bx/n' in size <12> not available
(Font)              Font shape `T1/ptm/b/n' tried instead on input line 56.
LaTeX Font Info:    Try loading font information for OT1+ztmcm on input line 76
.
 ("C:\Program Files\MiKTeX 2.9\tex\latex\psnfss\ot1ztmcm.fd"
File: ot1ztmcm.fd 2000/01/03 Fontinst v1.801 font definitions for OT1/ztmcm.
)
LaTeX Font Info:    Try loading font information for OML+ztmcm on input line 76
.

("C:\Program Files\MiKTeX 2.9\tex\latex\psnfss\omlztmcm.fd"
File: omlztmcm.fd 2000/01/03 Fontinst v1.801 font definitions for OML/ztmcm.
)
LaTeX Font Info:    Try loading font information for OMS+ztmcm on input line 76
.

("C:\Program Files\MiKTeX 2.9\tex\latex\psnfss\omsztmcm.fd"
File: omsztmcm.fd 2000/01/03 Fontinst v1.801 font definitions for OMS/ztmcm.
)
LaTeX Font Info:    Try loading font information for OMX+ztmcm on input line 76
.

("C:\Program Files\MiKTeX 2.9\tex\latex\psnfss\omxztmcm.fd"
File: omxztmcm.fd 2000/01/03 Fontinst v1.801 font definitions for OMX/ztmcm.
)
LaTeX Font Info:    Try loading font information for OT1+ptm on input line 76.

("C:\Program Files\MiKTeX 2.9\tex\latex\psnfss\ot1ptm.fd"
File: ot1ptm.fd 2001/06/04 font definitions for OT1/ptm.
)
LaTeX Font Info:    Font shape `OT1/ptm/bx/n' in size <10> not available
(Font)              Font shape `OT1/ptm/b/n' tried instead on input line 76.
LaTeX Font Info:    Font shape `OT1/ptm/bx/n' in size <7.4> not available
(Font)              Font shape `OT1/ptm/b/n' tried instead on input line 76.
LaTeX Font Info:    Font shape `OT1/ptm/bx/n' in size <6> not available
(Font)              Font shape `OT1/ptm/b/n' tried instead on input line 76.
 [1


{C:/Users/Phased/AppData/Local/MiKTeX/2.9/pdftex/config/pdftex.map}]

Package lastpage Warning: Rerun to get the references right on input line 85.


AED: lastpage setting LastPage
(cover_letter_02-2016-MSU.aux)

LaTeX Warning: Label(s) may have changed. Rerun to get cross-references right.

 ) 
Here is how much of TeX's memory you used:
 4299 strings out of 493634
 53747 string characters out of 3143741
 127764 words of memory out of 10000000
 7638 multiletter control sequences out of 15000+200000
 19702 words of font info for 38 fonts, out of 3000000 for 9000
 1025 hyphenation exceptions out of 8191
 37i,7n,45p,713b,247s stack positions out of 5000i,500n,10000p,200000b,50000s
{C:/Program Files/MiKTeX 2.9/fonts/enc/dvips/fontname/8r.enc}<C:/Program File
s/MiKTeX 2.9/fonts/type1/urw/times/utmb8a.pfb><C:/Program Files/MiKTeX 2.9/font
s/type1/urw/times/utmr8a.pfb>
Output written on cover_letter_02-2016-MSU.pdf (1 page, 31360 bytes).
PDF statistics:
 15 PDF objects out of 1000 (max. 8388607)
 0 named destinations out of 1000 (max. 500000)
 1 words of extra memory for PDF output out of 10000 (max. 10000000)

